Build started 12/13/2013 3:25:10 PM.
     1>Project "C:\Users\emilopez\Desktop\Final+Project\projmain\projmain\projmain.vcxproj" on node 2 (Build target(s)).
     1>ClCompile:
         C:\Program Files (x86)\Microsoft Visual Studio 11.0\VC\bin\CL.exe /c /ZI /nologo /W3 /WX- /Od /Oy- /D _MBCS /Gm /EHsc /RTC1 /MDd /GS /fp:precise /Zc:wchar_t /Zc:forScope /Fo"Debug\\" /Fd"Debug\vc110.pdb" /Gd /TC /analyze- /errorReport:prompt pr2.c
         pr2.c
     1>c:\users\emilopez\desktop\final+project\projmain\projmain\pr2.c(131): warning C4101: 'rows' : unreferenced local variable
     1>c:\users\emilopez\desktop\final+project\projmain\projmain\pr2.c(133): warning C4101: 'cache' : unreferenced local variable
     1>c:\users\emilopez\desktop\final+project\projmain\projmain\pr2.c(199): warning C4101: 'jj' : unreferenced local variable
     1>c:\users\emilopez\desktop\final+project\projmain\projmain\pr2.c(266): warning C4047: '!=' : 'int' differs in levels of indirection from 'void *'
     1>c:\users\emilopez\desktop\final+project\projmain\projmain\pr2.c(286): warning C4101: 'jj' : unreferenced local variable
     1>c:\users\emilopez\desktop\final+project\projmain\projmain\pr2.c(327): warning C4101: 'jj' : unreferenced local variable
     1>c:\users\emilopez\desktop\final+project\projmain\projmain\pr2.c(374): warning C4996: 'fopen': This function or variable may be unsafe. Consider using fopen_s instead. To disable deprecation, use _CRT_SECURE_NO_WARNINGS. See online help for details.
                 c:\program files (x86)\microsoft visual studio 11.0\vc\include\stdio.h(218) : see declaration of 'fopen'
     1>c:\users\emilopez\desktop\final+project\projmain\projmain\pr2.c(375): warning C4996: 'fopen': This function or variable may be unsafe. Consider using fopen_s instead. To disable deprecation, use _CRT_SECURE_NO_WARNINGS. See online help for details.
                 c:\program files (x86)\microsoft visual studio 11.0\vc\include\stdio.h(218) : see declaration of 'fopen'
     1>c:\users\emilopez\desktop\final+project\projmain\projmain\pr2.c(383): warning C4996: 'fscanf': This function or variable may be unsafe. Consider using fscanf_s instead. To disable deprecation, use _CRT_SECURE_NO_WARNINGS. See online help for details.
                 c:\program files (x86)\microsoft visual studio 11.0\vc\include\stdio.h(237) : see declaration of 'fscanf'
       Link:
         C:\Program Files (x86)\Microsoft Visual Studio 11.0\VC\bin\link.exe /ERRORREPORT:PROMPT /OUT:"C:\Users\emilopez\Desktop\Final+Project\projmain\Debug\projmain.exe" /INCREMENTAL /NOLOGO /LIBPATH:../debug/ projlib.lib kernel32.lib user32.lib gdi32.lib winspool.lib comdlg32.lib advapi32.lib shell32.lib ole32.lib oleaut32.lib uuid.lib odbc32.lib odbccp32.lib kernel32.lib user32.lib gdi32.lib winspool.lib comdlg32.lib advapi32.lib shell32.lib ole32.lib oleaut32.lib uuid.lib odbc32.lib odbccp32.lib /MANIFEST /MANIFESTUAC:"level='asInvoker' uiAccess='false'" /manifest:embed /DEBUG /PDB:"C:\Users\emilopez\Desktop\Final+Project\projmain\Debug\projmain.pdb" /TLBID:1 /DYNAMICBASE /NXCOMPAT /IMPLIB:"C:\Users\emilopez\Desktop\Final+Project\projmain\Debug\projmain.lib" /MACHINE:X86 Debug\pr2.obj
         Debug\proj_main.obj
         projlib.lib(prjlib.obj) : MSIL .netmodule or module compiled with /GL found; restarting link with /LTCG; add /LTCG to the link command line to improve linker performance
     1>LINK : warning LNK4075: ignoring '/INCREMENTAL' due to '/LTCG' specification
     1>pr2.obj : warning LNK4075: ignoring '/EDITANDCONTINUE' due to '/OPT:LBR' specification
     1>LINK : warning LNK4098: defaultlib 'MSVCRT' conflicts with use of other libs; use /NODEFAULTLIB:library
         Generating code
         Finished generating code
         projmain.vcxproj -> C:\Users\emilopez\Desktop\Final+Project\projmain\Debug\projmain.exe
     1>Done Building Project "C:\Users\emilopez\Desktop\Final+Project\projmain\projmain\projmain.vcxproj" (Build target(s)).

Build succeeded.

Time Elapsed 00:00:01.08
