C:\NSU\PROJMAIN\DEBUG\PROJMAIN.EXE
C:\NSU\PROJMAIN\DEBUG\PROJMAIN.ILK
C:\NSU\PROJMAIN\DEBUG\PROJMAIN.PDB
C:\NSU\PROJMAIN\PROJMAIN\DEBUG\PR2.OBJ
C:\NSU\PROJMAIN\PROJMAIN\DEBUG\PROJ_MAIN.OBJ
C:\NSU\PROJMAIN\PROJMAIN\DEBUG\PROJMAIN.EXE.INTERMEDIATE.MANIFEST
C:\NSU\PROJMAIN\PROJMAIN\DEBUG\VC100.PDB
C:\USERS\JIE LING\DOWNLOADS\PROJMAIN\PROJMAIN\DEBUG\PROJMAIN.EXE
C:\USERS\JIE LING\DOWNLOADS\PROJMAIN\PROJMAIN\DEBUG\PROJMAIN.ILK
C:\USERS\JIE LING\DOWNLOADS\PROJMAIN\PROJMAIN\DEBUG\PROJMAIN.PDB
C:\USERS\JIE LING\DOWNLOADS\PROJMAIN\PROJMAIN\PROJMAIN\DEBUG\PR2.OBJ
C:\USERS\JIE LING\DOWNLOADS\PROJMAIN\PROJMAIN\PROJMAIN\DEBUG\PROJ_MAIN.OBJ
C:\USERS\JIE LING\DOWNLOADS\PROJMAIN\PROJMAIN\PROJMAIN\DEBUG\PROJMAIN.EXE.INTERMEDIATE.MANIFEST
C:\USERS\JIE LING\DOWNLOADS\PROJMAIN\PROJMAIN\PROJMAIN\DEBUG\VC100.PDB
C:\USERS\NSU\DOWNLOADS\PROJMAIN\PROJMAIN\PROJMAIN\DEBUG\PR2.OBJ
C:\USERS\NSU\DOWNLOADS\PROJMAIN\PROJMAIN\PROJMAIN\DEBUG\PROJ_MAIN.OBJ
C:\USERS\NSU\DOWNLOADS\PROJMAIN\PROJMAIN\PROJMAIN\DEBUG\VC100.PDB
C:\USERS\NSU\DOWNLOADS\PROJMAIN-EMPTY\PROJMAIN\DEBUG\PROJMAIN.EXE
C:\USERS\NSU\DOWNLOADS\PROJMAIN-EMPTY\PROJMAIN\DEBUG\PROJMAIN.ILK
C:\USERS\NSU\DOWNLOADS\PROJMAIN-EMPTY\PROJMAIN\DEBUG\PROJMAIN.PDB
C:\USERS\NSU\DOWNLOADS\PROJMAIN-EMPTY\PROJMAIN\PROJMAIN\DEBUG\PR2.OBJ
C:\USERS\NSU\DOWNLOADS\PROJMAIN-EMPTY\PROJMAIN\PROJMAIN\DEBUG\PROJ_MAIN.OBJ
C:\USERS\NSU\DOWNLOADS\PROJMAIN-EMPTY\PROJMAIN\PROJMAIN\DEBUG\PROJMAIN.EXE.INTERMEDIATE.MANIFEST
C:\USERS\NSU\DOWNLOADS\PROJMAIN-EMPTY\PROJMAIN\PROJMAIN\DEBUG\VC100.PDB
J:\projmain-empty\projmain\Debug\projmain.exe
J:\projmain-empty\projmain\Debug\projmain.ilk
J:\projmain-empty\projmain\Debug\projmain.pdb
J:\projmain-empty\projmain\projmain\Debug\cl.command.1.tlog
J:\projmain-empty\projmain\projmain\Debug\CL.read.1.tlog
J:\projmain-empty\projmain\projmain\Debug\CL.write.1.tlog
J:\projmain-empty\projmain\projmain\Debug\link.command.1.tlog
J:\projmain-empty\projmain\projmain\Debug\link.read.1.tlog
J:\projmain-empty\projmain\projmain\Debug\link.write.1.tlog
J:\projmain-empty\projmain\projmain\Debug\mt.command.1.tlog
J:\projmain-empty\projmain\projmain\Debug\mt.read.1.tlog
J:\projmain-empty\projmain\projmain\Debug\mt.write.1.tlog
J:\projmain-empty\projmain\projmain\Debug\pr2.obj
J:\projmain-empty\projmain\projmain\Debug\proj_main.obj
J:\projmain-empty\projmain\projmain\Debug\projmain.exe.intermediate.manifest
J:\projmain-empty\projmain\projmain\Debug\projmain.vcxprojResolveAssemblyReference.cache
J:\projmain-empty\projmain\projmain\Debug\projmain.write.1.tlog
J:\projmain-empty\projmain\projmain\Debug\vc100.idb
J:\projmain-empty\projmain\projmain\Debug\vc100.pdb
