C:\NSU\PROJMAIN\DEBUG\PROJLIB.LIB
C:\NSU\PROJMAIN\PROJLIB\DEBUG\PRJLIB.OBJ
C:\NSU\PROJMAIN\PROJLIB\DEBUG\VC100.PDB
C:\USERS\JIE LING\DOWNLOADS\PROJMAIN\PROJMAIN\DEBUG\PROJLIB.LIB
C:\USERS\JIE LING\DOWNLOADS\PROJMAIN\PROJMAIN\PROJLIB\DEBUG\PRJLIB.OBJ
C:\USERS\JIE LING\DOWNLOADS\PROJMAIN\PROJMAIN\PROJLIB\DEBUG\VC100.PDB
C:\USERS\NSU\DOWNLOADS\PROJMAIN\PROJMAIN\DEBUG\PROJLIB.LIB
C:\USERS\NSU\DOWNLOADS\PROJMAIN\PROJMAIN\PROJLIB\DEBUG\PRJLIB.OBJ
C:\USERS\NSU\DOWNLOADS\PROJMAIN\PROJMAIN\PROJLIB\DEBUG\VC100.PDB
C:\USERS\NSU\DOWNLOADS\PROJMAIN-EMPTY\PROJMAIN\DEBUG\PROJLIB.LIB
C:\USERS\NSU\DOWNLOADS\PROJMAIN-EMPTY\PROJMAIN\PROJLIB\DEBUG\PRJLIB.OBJ
C:\USERS\NSU\DOWNLOADS\PROJMAIN-EMPTY\PROJMAIN\PROJLIB\DEBUG\VC100.PDB
J:\projmain-empty\projmain\Debug\projlib.lib
J:\projmain-empty\projmain\projlib\Debug\cl.command.1.tlog
J:\projmain-empty\projmain\projlib\Debug\CL.read.1.tlog
J:\projmain-empty\projmain\projlib\Debug\CL.write.1.tlog
J:\projmain-empty\projmain\projlib\Debug\lib.command.1.tlog
J:\projmain-empty\projmain\projlib\Debug\Lib-link.read.1.tlog
J:\projmain-empty\projmain\projlib\Debug\Lib-link.write.1.tlog
J:\projmain-empty\projmain\projlib\Debug\prjlib.obj
J:\projmain-empty\projmain\projlib\Debug\projlib.vcxprojResolveAssemblyReference.cache
J:\projmain-empty\projmain\projlib\Debug\projlib.write.1.tlog
J:\projmain-empty\projmain\projlib\Debug\vc100.idb
J:\projmain-empty\projmain\projlib\Debug\vc100.pdb
